<?xml version="1.0" encoding="UTF-8"?>
<testng-results ignored="0" total="2" passed="2" failed="0" skipped="0">
  <reporter-output>
  </reporter-output>
  <suite started-at="2020-05-11T16:28:29 EDT" name="Suite" finished-at="2020-05-11T16:29:03 EDT" duration-ms="34215">
    <groups>
    </groups>
    <test started-at="2020-05-11T16:28:29 EDT" name="Test" finished-at="2020-05-11T16:29:03 EDT" duration-ms="34215">
      <class name="tests.PurchaseFlow">
        <test-method is-config="true" signature="browserOpen()[pri:0, instance:tests.PurchaseFlow@2fd6b6c7]" started-at="2020-05-11T16:28:34 EDT" name="browserOpen" finished-at="2020-05-11T16:28:38 EDT" duration-ms="3849" status="PASS">
          <reporter-output>
          </reporter-output>
        </test-method> <!-- browserOpen -->
        <test-method signature="productSelection()[pri:0, instance:tests.PurchaseFlow@2fd6b6c7]" started-at="2020-05-11T16:28:38 EDT" name="productSelection" finished-at="2020-05-11T16:28:54 EDT" duration-ms="15553" status="PASS">
          <reporter-output>
          </reporter-output>
        </test-method> <!-- productSelection -->
        <test-method is-config="true" signature="closewindow()[pri:0, instance:tests.PurchaseFlow@2fd6b6c7]" started-at="2020-05-11T16:29:03 EDT" name="closewindow" finished-at="2020-05-11T16:29:03 EDT" duration-ms="276" status="PASS">
          <reporter-output>
          </reporter-output>
        </test-method> <!-- closewindow -->
      </class> <!-- tests.PurchaseFlow -->
      <class name="tests.HomePage">
        <test-method is-config="true" signature="initialize()[pri:0, instance:tests.HomePage@5bfa9431]" started-at="2020-05-11T16:28:29 EDT" name="initialize" finished-at="2020-05-11T16:28:34 EDT" duration-ms="5820" status="PASS">
          <reporter-output>
          </reporter-output>
        </test-method> <!-- initialize -->
        <test-method signature="homepagelogin()[pri:0, instance:tests.HomePage@5bfa9431]" started-at="2020-05-11T16:28:54 EDT" name="homepagelogin" finished-at="2020-05-11T16:29:02 EDT" duration-ms="8489" status="PASS">
          <reporter-output>
          </reporter-output>
        </test-method> <!-- homepagelogin -->
        <test-method is-config="true" signature="closewindow()[pri:0, instance:tests.HomePage@5bfa9431]" started-at="2020-05-11T16:29:02 EDT" name="closewindow" finished-at="2020-05-11T16:29:03 EDT" duration-ms="173" status="PASS">
          <reporter-output>
          </reporter-output>
        </test-method> <!-- closewindow -->
      </class> <!-- tests.HomePage -->
    </test> <!-- Test -->
  </suite> <!-- Suite -->
</testng-results>
