<?xml version="1.0" encoding="UTF-8"?>
<testng-results ignored="0" total="1" passed="1" failed="0" skipped="0">
  <reporter-output>
  </reporter-output>
  <suite started-at="2020-05-11T22:27:04 EDT" name="Default suite" finished-at="2020-05-11T22:27:14 EDT" duration-ms="9751">
    <groups>
    </groups>
    <test started-at="2020-05-11T22:27:04 EDT" name="Default test" finished-at="2020-05-11T22:27:14 EDT" duration-ms="9751">
      <class name="tests.HomePage">
        <test-method is-config="true" signature="initialize()[pri:0, instance:tests.HomePage@4fe767f3]" started-at="2020-05-11T22:27:04 EDT" name="initialize" finished-at="2020-05-11T22:27:11 EDT" duration-ms="6884" status="PASS">
          <reporter-output>
          </reporter-output>
        </test-method> <!-- initialize -->
        <test-method signature="homepagelogin()[pri:0, instance:tests.HomePage@4fe767f3]" started-at="2020-05-11T22:27:11 EDT" name="homepagelogin" finished-at="2020-05-11T22:27:14 EDT" duration-ms="2660" status="PASS">
          <reporter-output>
          </reporter-output>
        </test-method> <!-- homepagelogin -->
        <test-method is-config="true" signature="closewindow()[pri:0, instance:tests.HomePage@4fe767f3]" started-at="2020-05-11T22:27:14 EDT" name="closewindow" finished-at="2020-05-11T22:27:14 EDT" duration-ms="157" status="PASS">
          <reporter-output>
          </reporter-output>
        </test-method> <!-- closewindow -->
      </class> <!-- tests.HomePage -->
    </test> <!-- Default test -->
  </suite> <!-- Default suite -->
</testng-results>
